{"name": "Increasing total completed orders counter", "status": "broken", "statusDetails": {"message": "selenium.common.exceptions.ElementClickInterceptedException: Message: Element <a class=\"AppHeader_header__link__3D_hX\" href=\"/feed\"> is not clickable at point (323,44) because another element <div class=\"Modal_modal_overlay__x2ZCr\"> obscures it\nStacktrace:\nRemoteError@chrome://remote/content/shared/RemoteError.sys.mjs:8:8\nWebDriverError@chrome://remote/content/shared/webdriver/Errors.sys.mjs:193:5\nElementClickInterceptedError@chrome://remote/content/shared/webdriver/Errors.sys.mjs:337:5\nwebdriverClickElement@chrome://remote/content/marionette/interaction.sys.mjs:177:11\ninteraction.clickElement@chrome://remote/content/marionette/interaction.sys.mjs:136:11\nclickElement@chrome://remote/content/marionette/actors/MarionetteCommandsChild.sys.mjs:205:29\nreceiveMessage@chrome://remote/content/marionette/actors/MarionetteCommandsChild.sys.mjs:85:31", "trace": "tests\\test_order_feed_page.py:45: in test_total_completed_counter_increases\n    header_page.click_order_feed()\n        create_test_user = ('mkfyetis@example.com', 'tMiQG1jWrd', 'Bearer eyJhbGciOiJIUzI1NiIsInR5cCI6IkpXVCJ9.eyJpZCI6IjY3Mjc4OTdiOWVkMjgwMDAxYjUwNzI4OSIsImlhdCI6MTczMDY0NDM0NywiZXhwIjoxNzMwNjQ1NTQ3fQ.d-E4s0V81uB4YmeES8UVo7Tzk88dtphRtUUj7_kIMbw')\n        creating_order_page = <pages.creating_order_page.CreatingOrderPage object at 0x000001474DFEF050>\n        email      = 'mkfyetis@example.com'\n        header_page = <pages.header_page.HeaderPage object at 0x000001474DB47290>\n        login_page = <pages.login_page.LoginPage object at 0x000001474DFEF140>\n        order_feed_page = <pages.order_feed_page.OrderFeedPage object at 0x000001474DFEDB80>\n        password   = 'tMiQG1jWrd'\n        self       = <tests.test_order_feed_page.TestOrderFeedPage object at 0x000001474DA9A1B0>\n        token      = 'Bearer eyJhbGciOiJIUzI1NiIsInR5cCI6IkpXVCJ9.eyJpZCI6IjY3Mjc4OTdiOWVkMjgwMDAxYjUwNzI4OSIsImlhdCI6MTczMDY0NDM0NywiZXhwIjoxNzMwNjQ1NTQ3fQ.d-E4s0V81uB4YmeES8UVo7Tzk88dtphRtUUj7_kIMbw'\npages\\header_page.py:11: in click_order_feed\n    self.click_element(HeaderPageLocators.ORDER_FEED_BUTTON, 10)\n        self       = <pages.header_page.HeaderPage object at 0x000001474DB47290>\npages\\base_page.py:28: in click_element\n    element.click()\n        element    = <selenium.webdriver.remote.webelement.WebElement (session=\"80bbd0a8-cf44-4684-b9be-2307e9082b7d\", element=\"74920c4b-1e0a-415d-bce3-418ee3709bca\")>\n        locator    = ('xpath', \"//p[text()='Лента Заказов']/parent::a\")\n        self       = <pages.header_page.HeaderPage object at 0x000001474DB47290>\n        timeout    = 10\n.venv\\Lib\\site-packages\\selenium\\webdriver\\remote\\webelement.py:94: in click\n    self._execute(Command.CLICK_ELEMENT)\n        self       = <selenium.webdriver.remote.webelement.WebElement (session=\"80bbd0a8-cf44-4684-b9be-2307e9082b7d\", element=\"74920c4b-1e0a-415d-bce3-418ee3709bca\")>\n.venv\\Lib\\site-packages\\selenium\\webdriver\\remote\\webelement.py:395: in _execute\n    return self._parent.execute(command, params)\n        command    = 'clickElement'\n        params     = {'id': '74920c4b-1e0a-415d-bce3-418ee3709bca'}\n        self       = <selenium.webdriver.remote.webelement.WebElement (session=\"80bbd0a8-cf44-4684-b9be-2307e9082b7d\", element=\"74920c4b-1e0a-415d-bce3-418ee3709bca\")>\n.venv\\Lib\\site-packages\\selenium\\webdriver\\remote\\webdriver.py:354: in execute\n    self.error_handler.check_response(response)\n        driver_command = 'clickElement'\n        params     = {}\n        response   = {'status': 400, 'value': '{\"value\":{\"error\":\"element click intercepted\",\"message\":\"Element <a class=\\\\\"AppHeader_heade...sys.mjs:205:29\\\\nreceiveMessage@chrome://remote/content/marionette/actors/MarionetteCommandsChild.sys.mjs:85:31\\\\n\"}}'}\n        self       = <selenium.webdriver.firefox.webdriver.WebDriver (session=\"80bbd0a8-cf44-4684-b9be-2307e9082b7d\")>\n.venv\\Lib\\site-packages\\selenium\\webdriver\\remote\\errorhandler.py:229: in check_response\n    raise exception_class(message, screen, stacktrace)\nE   selenium.common.exceptions.ElementClickInterceptedException: Message: Element <a class=\"AppHeader_header__link__3D_hX\" href=\"/feed\"> is not clickable at point (323,44) because another element <div class=\"Modal_modal_overlay__x2ZCr\"> obscures it\nE   Stacktrace:\nE   RemoteError@chrome://remote/content/shared/RemoteError.sys.mjs:8:8\nE   WebDriverError@chrome://remote/content/shared/webdriver/Errors.sys.mjs:193:5\nE   ElementClickInterceptedError@chrome://remote/content/shared/webdriver/Errors.sys.mjs:337:5\nE   webdriverClickElement@chrome://remote/content/marionette/interaction.sys.mjs:177:11\nE   interaction.clickElement@chrome://remote/content/marionette/interaction.sys.mjs:136:11\nE   clickElement@chrome://remote/content/marionette/actors/MarionetteCommandsChild.sys.mjs:205:29\nE   receiveMessage@chrome://remote/content/marionette/actors/MarionetteCommandsChild.sys.mjs:85:31\n        e          = <selenium.webdriver.remote.errorhandler.ErrorCode object at 0x000001474DB50B60>\n        error_code = 'ELEMENT_CLICK_INTERCEPTED'\n        error_codes = ['ELEMENT_CLICK_INTERCEPTED', 'ELEMENT_IS_NOT_SELECTABLE', 'ELEMENT_NOT_INTERACTABLE', 'ELEMENT_NOT_VISIBLE', 'IME_ENGINE_ACTIVATION_FAILED', 'IME_NOT_AVAILABLE', ...]\n        error_info = [64, 'element click intercepted']\n        exception_class = <class 'selenium.common.exceptions.ElementClickInterceptedException'>\n        json       = <module 'json' from 'C:\\\\Users\\\\Linx\\\\AppData\\\\Local\\\\Programs\\\\Python\\\\Python312\\\\Lib\\\\json\\\\__init__.py'>\n        message    = 'Element <a class=\"AppHeader_header__link__3D_hX\" href=\"/feed\"> is not clickable at point (323,44) because another element <div class=\"Modal_modal_overlay__x2ZCr\"> obscures it'\n        response   = {'status': 400, 'value': '{\"value\":{\"error\":\"element click intercepted\",\"message\":\"Element <a class=\\\\\"AppHeader_heade...sys.mjs:205:29\\\\nreceiveMessage@chrome://remote/content/marionette/actors/MarionetteCommandsChild.sys.mjs:85:31\\\\n\"}}'}\n        screen     = None\n        self       = <selenium.webdriver.remote.errorhandler.ErrorHandler object at 0x000001474DB50F50>\n        st_value   = 'RemoteError@chrome://remote/content/shared/RemoteError.sys.mjs:8:8\\nWebDriverError@chrome://remote/content/shared/web...Child.sys.mjs:205:29\\nreceiveMessage@chrome://remote/content/marionette/actors/MarionetteCommandsChild.sys.mjs:85:31\\n'\n        stacktrace = ['RemoteError@chrome://remote/content/shared/RemoteError.sys.mjs:8:8', 'WebDriverError@chrome://remote/content/shared/....sys.mjs:136:11', 'clickElement@chrome://remote/content/marionette/actors/MarionetteCommandsChild.sys.mjs:205:29', ...]\n        status     = 'element click intercepted'\n        value      = {'error': 'element click intercepted', 'message': 'Element <a class=\"AppHeader_header__link__3D_hX\" href=\"/feed\"> is n...hild.sys.mjs:205:29\\nreceiveMessage@chrome://remote/content/marionette/actors/MarionetteCommandsChild.sys.mjs:85:31\\n'}\n        value_json = '{\"value\":{\"error\":\"element click intercepted\",\"message\":\"Element <a class=\\\\\"AppHeader_header__link__3D_hX\\\\\" href=\\\\....sys.mjs:205:29\\\\nreceiveMessage@chrome://remote/content/marionette/actors/MarionetteCommandsChild.sys.mjs:85:31\\\\n\"}}'"}, "description": "Verifying the total completed orders counter increments after placing an order.", "steps": [{"name": "Logging in with email: 'mkfyetis@example.com' and password", "status": "passed", "steps": [{"name": "Clicking on 'Account' button to navigate based on user state", "status": "passed", "start": 1730644345246, "stop": 1730644345521}], "parameters": [{"name": "email", "value": "'mkfyetis@example.com'"}, {"name": "password", "value": "'tMiQG1jWrd'"}], "start": 1730644345246, "stop": 1730644345820}, {"name": "Clicking on 'Order Feed' button", "status": "broken", "statusDetails": {"message": "selenium.common.exceptions.ElementClickInterceptedException: Message: Element <a class=\"AppHeader_header__link__3D_hX\" href=\"/feed\"> is not clickable at point (323,44) because another element <div class=\"Modal_modal_overlay__x2ZCr\"> obscures it\nStacktrace:\nRemoteError@chrome://remote/content/shared/RemoteError.sys.mjs:8:8\nWebDriverError@chrome://remote/content/shared/webdriver/Errors.sys.mjs:193:5\nElementClickInterceptedError@chrome://remote/content/shared/webdriver/Errors.sys.mjs:337:5\nwebdriverClickElement@chrome://remote/content/marionette/interaction.sys.mjs:177:11\ninteraction.clickElement@chrome://remote/content/marionette/interaction.sys.mjs:136:11\nclickElement@chrome://remote/content/marionette/actors/MarionetteCommandsChild.sys.mjs:205:29\nreceiveMessage@chrome://remote/content/marionette/actors/MarionetteCommandsChild.sys.mjs:85:31\n\n", "trace": "  File \"C:\\Users\\Linx\\PycharmProjects\\Diplom\\Diplom_3\\.venv\\Lib\\site-packages\\allure_commons\\_allure.py\", line 192, in impl\n    return func(*a, **kw)\n           ^^^^^^^^^^^^^^\n  File \"C:\\Users\\Linx\\PycharmProjects\\Diplom\\Diplom_3\\pages\\header_page.py\", line 11, in click_order_feed\n    self.click_element(HeaderPageLocators.ORDER_FEED_BUTTON, 10)\n  File \"C:\\Users\\Linx\\PycharmProjects\\Diplom\\Diplom_3\\pages\\base_page.py\", line 28, in click_element\n    element.click()\n  File \"C:\\Users\\Linx\\PycharmProjects\\Diplom\\Diplom_3\\.venv\\Lib\\site-packages\\selenium\\webdriver\\remote\\webelement.py\", line 94, in click\n    self._execute(Command.CLICK_ELEMENT)\n  File \"C:\\Users\\Linx\\PycharmProjects\\Diplom\\Diplom_3\\.venv\\Lib\\site-packages\\selenium\\webdriver\\remote\\webelement.py\", line 395, in _execute\n    return self._parent.execute(command, params)\n           ^^^^^^^^^^^^^^^^^^^^^^^^^^^^^^^^^^^^^\n  File \"C:\\Users\\Linx\\PycharmProjects\\Diplom\\Diplom_3\\.venv\\Lib\\site-packages\\selenium\\webdriver\\remote\\webdriver.py\", line 354, in execute\n    self.error_handler.check_response(response)\n  File \"C:\\Users\\Linx\\PycharmProjects\\Diplom\\Diplom_3\\.venv\\Lib\\site-packages\\selenium\\webdriver\\remote\\errorhandler.py\", line 229, in check_response\n    raise exception_class(message, screen, stacktrace)\n"}, "start": 1730644345820, "stop": 1730644345848}], "parameters": [{"name": "browser", "value": "'firefox'"}], "start": 1730644345245, "stop": 1730644345850, "uuid": "2cd7ff75-b785-4dae-9533-7e0caeab67a6", "historyId": "d13df6179df7387c4e379494259c286e", "testCaseId": "f641f948b17180a4448b139f9a74cea4", "fullName": "tests.test_order_feed_page.TestOrderFeedPage#test_total_completed_counter_increases", "labels": [{"name": "suite", "value": "Order Feed Page Tests"}, {"name": "parentSuite", "value": "tests"}, {"name": "subSuite", "value": "TestOrderFeedPage"}, {"name": "host", "value": "DRAKOSH"}, {"name": "thread", "value": "68400-MainThread"}, {"name": "framework", "value": "pytest"}, {"name": "language", "value": "cpython3"}, {"name": "package", "value": "tests.test_order_feed_page"}]}