{"name": "Verifying user orders displayed in the Order Feed", "status": "broken", "statusDetails": {"message": "selenium.common.exceptions.ElementClickInterceptedException: Message: Element <a class=\"Account_link__2ETsJ text text_type_main-medium text_color_inactive\" href=\"/account/order-history\"> is not clickable at point (171,307) because another element <div class=\"Modal_modal_overlay__x2ZCr\"> obscures it\nStacktrace:\nRemoteError@chrome://remote/content/shared/RemoteError.sys.mjs:8:8\nWebDriverError@chrome://remote/content/shared/webdriver/Errors.sys.mjs:193:5\nElementClickInterceptedError@chrome://remote/content/shared/webdriver/Errors.sys.mjs:337:5\nwebdriverClickElement@chrome://remote/content/marionette/interaction.sys.mjs:177:11\ninteraction.clickElement@chrome://remote/content/marionette/interaction.sys.mjs:136:11\nclickElement@chrome://remote/content/marionette/actors/MarionetteCommandsChild.sys.mjs:205:29\nreceiveMessage@chrome://remote/content/marionette/actors/MarionetteCommandsChild.sys.mjs:85:31", "trace": "tests\\test_order_feed_page.py:30: in test_user_orders_displayed_in_order_feed\n    account_page.clicking_history_button()\n        account_page = <pages.account_page.AccountPage object at 0x000001474DB46C30>\n        create_test_user = ('etbrijdl@example.com', 'Came7T5HWp', 'Bearer eyJhbGciOiJIUzI1NiIsInR5cCI6IkpXVCJ9.eyJpZCI6IjY3Mjc4OTRlOWVkMjgwMDAxYjUwNzI4MiIsImlhdCI6MTczMDY0NDMwMiwiZXhwIjoxNzMwNjQ1NTAyfQ.TpeNXGnNC_pC30kNxnl2vB3jk8hO6wkIdDxWKdzDznc')\n        creating_order_page = <pages.creating_order_page.CreatingOrderPage object at 0x000001474B090FE0>\n        email      = 'etbrijdl@example.com'\n        header_page = <pages.header_page.HeaderPage object at 0x000001474DB46D20>\n        login_page = <pages.login_page.LoginPage object at 0x000001474DB47140>\n        order_feed_page = <pages.order_feed_page.OrderFeedPage object at 0x000001474DB46C00>\n        password   = 'Came7T5HWp'\n        self       = <tests.test_order_feed_page.TestOrderFeedPage object at 0x000001474DA99D60>\n        token      = 'Bearer eyJhbGciOiJIUzI1NiIsInR5cCI6IkpXVCJ9.eyJpZCI6IjY3Mjc4OTRlOWVkMjgwMDAxYjUwNzI4MiIsImlhdCI6MTczMDY0NDMwMiwiZXhwIjoxNzMwNjQ1NTAyfQ.TpeNXGnNC_pC30kNxnl2vB3jk8hO6wkIdDxWKdzDznc'\npages\\account_page.py:16: in clicking_history_button\n    self.click_element(AccountPageLocators.ORDER_HISTORY_BUTTON, 20)\n        self       = <pages.account_page.AccountPage object at 0x000001474DB46C30>\npages\\base_page.py:28: in click_element\n    element.click()\n        element    = <selenium.webdriver.remote.webelement.WebElement (session=\"1188f716-4abb-4551-ae4f-67636739e04e\", element=\"cb2961c5-8b50-43f2-b0d8-ae6b9e559dd6\")>\n        locator    = ('xpath', \"//a[contains(@href, '/account/order-history')]\")\n        self       = <pages.account_page.AccountPage object at 0x000001474DB46C30>\n        timeout    = 20\n.venv\\Lib\\site-packages\\selenium\\webdriver\\remote\\webelement.py:94: in click\n    self._execute(Command.CLICK_ELEMENT)\n        self       = <selenium.webdriver.remote.webelement.WebElement (session=\"1188f716-4abb-4551-ae4f-67636739e04e\", element=\"cb2961c5-8b50-43f2-b0d8-ae6b9e559dd6\")>\n.venv\\Lib\\site-packages\\selenium\\webdriver\\remote\\webelement.py:395: in _execute\n    return self._parent.execute(command, params)\n        command    = 'clickElement'\n        params     = {'id': 'cb2961c5-8b50-43f2-b0d8-ae6b9e559dd6'}\n        self       = <selenium.webdriver.remote.webelement.WebElement (session=\"1188f716-4abb-4551-ae4f-67636739e04e\", element=\"cb2961c5-8b50-43f2-b0d8-ae6b9e559dd6\")>\n.venv\\Lib\\site-packages\\selenium\\webdriver\\remote\\webdriver.py:354: in execute\n    self.error_handler.check_response(response)\n        driver_command = 'clickElement'\n        params     = {}\n        response   = {'status': 400, 'value': '{\"value\":{\"error\":\"element click intercepted\",\"message\":\"Element <a class=\\\\\"Account_link__2...sys.mjs:205:29\\\\nreceiveMessage@chrome://remote/content/marionette/actors/MarionetteCommandsChild.sys.mjs:85:31\\\\n\"}}'}\n        self       = <selenium.webdriver.firefox.webdriver.WebDriver (session=\"1188f716-4abb-4551-ae4f-67636739e04e\")>\n.venv\\Lib\\site-packages\\selenium\\webdriver\\remote\\errorhandler.py:229: in check_response\n    raise exception_class(message, screen, stacktrace)\nE   selenium.common.exceptions.ElementClickInterceptedException: Message: Element <a class=\"Account_link__2ETsJ text text_type_main-medium text_color_inactive\" href=\"/account/order-history\"> is not clickable at point (171,307) because another element <div class=\"Modal_modal_overlay__x2ZCr\"> obscures it\nE   Stacktrace:\nE   RemoteError@chrome://remote/content/shared/RemoteError.sys.mjs:8:8\nE   WebDriverError@chrome://remote/content/shared/webdriver/Errors.sys.mjs:193:5\nE   ElementClickInterceptedError@chrome://remote/content/shared/webdriver/Errors.sys.mjs:337:5\nE   webdriverClickElement@chrome://remote/content/marionette/interaction.sys.mjs:177:11\nE   interaction.clickElement@chrome://remote/content/marionette/interaction.sys.mjs:136:11\nE   clickElement@chrome://remote/content/marionette/actors/MarionetteCommandsChild.sys.mjs:205:29\nE   receiveMessage@chrome://remote/content/marionette/actors/MarionetteCommandsChild.sys.mjs:85:31\n        e          = <selenium.webdriver.remote.errorhandler.ErrorCode object at 0x000001474DB46DE0>\n        error_code = 'ELEMENT_CLICK_INTERCEPTED'\n        error_codes = ['ELEMENT_CLICK_INTERCEPTED', 'ELEMENT_IS_NOT_SELECTABLE', 'ELEMENT_NOT_INTERACTABLE', 'ELEMENT_NOT_VISIBLE', 'IME_ENGINE_ACTIVATION_FAILED', 'IME_NOT_AVAILABLE', ...]\n        error_info = [64, 'element click intercepted']\n        exception_class = <class 'selenium.common.exceptions.ElementClickInterceptedException'>\n        json       = <module 'json' from 'C:\\\\Users\\\\Linx\\\\AppData\\\\Local\\\\Programs\\\\Python\\\\Python312\\\\Lib\\\\json\\\\__init__.py'>\n        message    = 'Element <a class=\"Account_link__2ETsJ text text_type_main-medium text_color_inactive\" href=\"/account/order-history\"> is not clickable at point (171,307) because another element <div class=\"Modal_modal_overlay__x2ZCr\"> obscures it'\n        response   = {'status': 400, 'value': '{\"value\":{\"error\":\"element click intercepted\",\"message\":\"Element <a class=\\\\\"Account_link__2...sys.mjs:205:29\\\\nreceiveMessage@chrome://remote/content/marionette/actors/MarionetteCommandsChild.sys.mjs:85:31\\\\n\"}}'}\n        screen     = None\n        self       = <selenium.webdriver.remote.errorhandler.ErrorHandler object at 0x000001474DBED7F0>\n        st_value   = 'RemoteError@chrome://remote/content/shared/RemoteError.sys.mjs:8:8\\nWebDriverError@chrome://remote/content/shared/web...Child.sys.mjs:205:29\\nreceiveMessage@chrome://remote/content/marionette/actors/MarionetteCommandsChild.sys.mjs:85:31\\n'\n        stacktrace = ['RemoteError@chrome://remote/content/shared/RemoteError.sys.mjs:8:8', 'WebDriverError@chrome://remote/content/shared/....sys.mjs:136:11', 'clickElement@chrome://remote/content/marionette/actors/MarionetteCommandsChild.sys.mjs:205:29', ...]\n        status     = 'element click intercepted'\n        value      = {'error': 'element click intercepted', 'message': 'Element <a class=\"Account_link__2ETsJ text text_type_main-medium te...hild.sys.mjs:205:29\\nreceiveMessage@chrome://remote/content/marionette/actors/MarionetteCommandsChild.sys.mjs:85:31\\n'}\n        value_json = '{\"value\":{\"error\":\"element click intercepted\",\"message\":\"Element <a class=\\\\\"Account_link__2ETsJ text text_type_main-....sys.mjs:205:29\\\\nreceiveMessage@chrome://remote/content/marionette/actors/MarionetteCommandsChild.sys.mjs:85:31\\\\n\"}}'"}, "description": "Checking that orders placed by the user appear in the Order Feed section.", "steps": [{"name": "Logging in with email: 'etbrijdl@example.com' and password", "status": "passed", "steps": [{"name": "Clicking on 'Account' button to navigate based on user state", "status": "passed", "start": 1730644300272, "stop": 1730644300545}], "parameters": [{"name": "email", "value": "'etbrijdl@example.com'"}, {"name": "password", "value": "'Came7T5HWp'"}], "start": 1730644300272, "stop": 1730644300851}, {"name": "Creating an order by dragging ingredient and confirming", "status": "passed", "steps": [{"name": "Dragging ingredient to the order area", "status": "passed", "start": 1730644300851, "stop": 1730644301934}, {"name": "Confirming the order", "status": "passed", "start": 1730644301935, "stop": 1730644302181}, {"name": "Closing the order confirmation modal", "status": "passed", "start": 1730644302181, "stop": 1730644317568}], "start": 1730644300851, "stop": 1730644317568}, {"name": "Clicking on 'Account' button to navigate based on user state", "status": "passed", "start": 1730644317568, "stop": 1730644317800}, {"name": "Clicking the history button on account page", "status": "broken", "statusDetails": {"message": "selenium.common.exceptions.ElementClickInterceptedException: Message: Element <a class=\"Account_link__2ETsJ text text_type_main-medium text_color_inactive\" href=\"/account/order-history\"> is not clickable at point (171,307) because another element <div class=\"Modal_modal_overlay__x2ZCr\"> obscures it\nStacktrace:\nRemoteError@chrome://remote/content/shared/RemoteError.sys.mjs:8:8\nWebDriverError@chrome://remote/content/shared/webdriver/Errors.sys.mjs:193:5\nElementClickInterceptedError@chrome://remote/content/shared/webdriver/Errors.sys.mjs:337:5\nwebdriverClickElement@chrome://remote/content/marionette/interaction.sys.mjs:177:11\ninteraction.clickElement@chrome://remote/content/marionette/interaction.sys.mjs:136:11\nclickElement@chrome://remote/content/marionette/actors/MarionetteCommandsChild.sys.mjs:205:29\nreceiveMessage@chrome://remote/content/marionette/actors/MarionetteCommandsChild.sys.mjs:85:31\n\n", "trace": "  File \"C:\\Users\\Linx\\PycharmProjects\\Diplom\\Diplom_3\\.venv\\Lib\\site-packages\\allure_commons\\_allure.py\", line 192, in impl\n    return func(*a, **kw)\n           ^^^^^^^^^^^^^^\n  File \"C:\\Users\\Linx\\PycharmProjects\\Diplom\\Diplom_3\\pages\\account_page.py\", line 16, in clicking_history_button\n    self.click_element(AccountPageLocators.ORDER_HISTORY_BUTTON, 20)\n  File \"C:\\Users\\Linx\\PycharmProjects\\Diplom\\Diplom_3\\pages\\base_page.py\", line 28, in click_element\n    element.click()\n  File \"C:\\Users\\Linx\\PycharmProjects\\Diplom\\Diplom_3\\.venv\\Lib\\site-packages\\selenium\\webdriver\\remote\\webelement.py\", line 94, in click\n    self._execute(Command.CLICK_ELEMENT)\n  File \"C:\\Users\\Linx\\PycharmProjects\\Diplom\\Diplom_3\\.venv\\Lib\\site-packages\\selenium\\webdriver\\remote\\webelement.py\", line 395, in _execute\n    return self._parent.execute(command, params)\n           ^^^^^^^^^^^^^^^^^^^^^^^^^^^^^^^^^^^^^\n  File \"C:\\Users\\Linx\\PycharmProjects\\Diplom\\Diplom_3\\.venv\\Lib\\site-packages\\selenium\\webdriver\\remote\\webdriver.py\", line 354, in execute\n    self.error_handler.check_response(response)\n  File \"C:\\Users\\Linx\\PycharmProjects\\Diplom\\Diplom_3\\.venv\\Lib\\site-packages\\selenium\\webdriver\\remote\\errorhandler.py\", line 229, in check_response\n    raise exception_class(message, screen, stacktrace)\n"}, "start": 1730644317800, "stop": 1730644317821}], "attachments": [{"name": "stdout", "source": "e2021aec-f083-446f-9b22-138b29cd6f21-attachment.txt", "type": "text/plain"}], "parameters": [{"name": "browser", "value": "'firefox'"}], "start": 1730644300272, "stop": 1730644317822, "uuid": "fbb3141e-c0d0-43ed-87c1-e87b94286b98", "historyId": "3bb583f87225c7dc22cdc9c0fb923bb5", "testCaseId": "2dcc202e4731772742f10bd1a94d8c95", "fullName": "tests.test_order_feed_page.TestOrderFeedPage#test_user_orders_displayed_in_order_feed", "labels": [{"name": "suite", "value": "Order Feed Page Tests"}, {"name": "parentSuite", "value": "tests"}, {"name": "subSuite", "value": "TestOrderFeedPage"}, {"name": "host", "value": "DRAKOSH"}, {"name": "thread", "value": "68400-MainThread"}, {"name": "framework", "value": "pytest"}, {"name": "language", "value": "cpython3"}, {"name": "package", "value": "tests.test_order_feed_page"}]}