{"name": "Verifying order appears in the 'In Progress' section", "status": "broken", "statusDetails": {"message": "selenium.common.exceptions.TimeoutException: Message: \nStacktrace:\nRemoteError@chrome://remote/content/shared/RemoteError.sys.mjs:8:8\nWebDriverError@chrome://remote/content/shared/webdriver/Errors.sys.mjs:193:5\nNoSuchElementError@chrome://remote/content/shared/webdriver/Errors.sys.mjs:511:5\ndom.find/</<@chrome://remote/content/shared/DOM.sys.mjs:136:16", "trace": "tests\\test_order_feed_page.py:79: in test_order_appears_in_progress\n    new_order_number = order_feed_page.get_order_number_from_confirmation_modal()\n        create_test_user = ('lwmcasfy@example.com', 'ZPHqiNvyvo', 'Bearer eyJhbGciOiJIUzI1NiIsInR5cCI6IkpXVCJ9.eyJpZCI6IjY3Mjc4OWJjOWVkMjgwMDAxYjUwNzI5OSIsImlhdCI6MTczMDY0NDQxMiwiZXhwIjoxNzMwNjQ1NjEyfQ.6s6Rn9hV6xTi-fXtSGlNHHnyvvXiqCRkCHVpqayaCkQ')\n        creating_order_page = <pages.creating_order_page.CreatingOrderPage object at 0x000001474DBEC980>\n        email      = 'lwmcasfy@example.com'\n        header_page = <pages.header_page.HeaderPage object at 0x000001474DBEC3B0>\n        login_page = <pages.login_page.LoginPage object at 0x000001474DBEED80>\n        order_feed_page = <pages.order_feed_page.OrderFeedPage object at 0x000001474DBED220>\n        password   = 'ZPHqiNvyvo'\n        self       = <tests.test_order_feed_page.TestOrderFeedPage object at 0x000001474DA9A9F0>\n        token      = 'Bearer eyJhbGciOiJIUzI1NiIsInR5cCI6IkpXVCJ9.eyJpZCI6IjY3Mjc4OWJjOWVkMjgwMDAxYjUwNzI5OSIsImlhdCI6MTczMDY0NDQxMiwiZXhwIjoxNzMwNjQ1NjEyfQ.6s6Rn9hV6xTi-fXtSGlNHHnyvvXiqCRkCHVpqayaCkQ'\npages\\order_feed_page.py:32: in get_order_number_from_confirmation_modal\n    order_number_element = self.find_element(CreatingOrderPageLocators.ORDER_CONFIRMATION_MODAL, 20)\n        self       = <pages.order_feed_page.OrderFeedPage object at 0x000001474DBED220>\npages\\base_page.py:13: in find_element\n    WebDriverWait(self.driver, timeout).until(EC.presence_of_element_located(locator))\n        locator    = ('xpath', \"//p[contains(text(), 'идентификатор заказа')]//ancestor::div[contains(@class, 'modal__container')]//h2[starts-with(text(), '14')]\")\n        self       = <pages.order_feed_page.OrderFeedPage object at 0x000001474DBED220>\n        timeout    = 20\n.venv\\Lib\\site-packages\\selenium\\webdriver\\support\\wait.py:105: in until\n    raise TimeoutException(message, screen, stacktrace)\nE   selenium.common.exceptions.TimeoutException: Message: \nE   Stacktrace:\nE   RemoteError@chrome://remote/content/shared/RemoteError.sys.mjs:8:8\nE   WebDriverError@chrome://remote/content/shared/webdriver/Errors.sys.mjs:193:5\nE   NoSuchElementError@chrome://remote/content/shared/webdriver/Errors.sys.mjs:511:5\nE   dom.find/</<@chrome://remote/content/shared/DOM.sys.mjs:136:16\n        end_time   = 522115.703\n        message    = ''\n        method     = <function presence_of_element_located.<locals>._predicate at 0x000001474DBBECA0>\n        screen     = None\n        self       = <selenium.webdriver.support.wait.WebDriverWait (session=\"c68dfe5c-7083-4544-a141-425a4c38d56b\")>\n        stacktrace = ['RemoteError@chrome://remote/content/shared/RemoteError.sys.mjs:8:8', 'WebDriverError@chrome://remote/content/shared/...e/content/shared/webdriver/Errors.sys.mjs:511:5', 'dom.find/</<@chrome://remote/content/shared/DOM.sys.mjs:136:16', '']"}, "description": "Checking if the newly placed order shows up in the 'In Progress' section of the Order Feed.", "steps": [{"name": "Logging in with email: 'lwmcasfy@example.com' and password", "status": "passed", "steps": [{"name": "Clicking on 'Account' button to navigate based on user state", "status": "passed", "start": 1730644410041, "stop": 1730644410322}], "parameters": [{"name": "email", "value": "'lwmcasfy@example.com'"}, {"name": "password", "value": "'ZPHqiNvyvo'"}], "start": 1730644410041, "stop": 1730644410650}, {"name": "Dragging ingredient to the order area", "status": "passed", "start": 1730644410650, "stop": 1730644411724}, {"name": "Confirming the order", "status": "passed", "start": 1730644411724, "stop": 1730644411949}, {"name": "Getting the order number from the confirmation modal", "status": "broken", "statusDetails": {"message": "selenium.common.exceptions.TimeoutException: Message: \nStacktrace:\nRemoteError@chrome://remote/content/shared/RemoteError.sys.mjs:8:8\nWebDriverError@chrome://remote/content/shared/webdriver/Errors.sys.mjs:193:5\nNoSuchElementError@chrome://remote/content/shared/webdriver/Errors.sys.mjs:511:5\ndom.find/</<@chrome://remote/content/shared/DOM.sys.mjs:136:16\n\n", "trace": "  File \"C:\\Users\\Linx\\PycharmProjects\\Diplom\\Diplom_3\\.venv\\Lib\\site-packages\\allure_commons\\_allure.py\", line 192, in impl\n    return func(*a, **kw)\n           ^^^^^^^^^^^^^^\n  File \"C:\\Users\\Linx\\PycharmProjects\\Diplom\\Diplom_3\\pages\\order_feed_page.py\", line 32, in get_order_number_from_confirmation_modal\n    order_number_element = self.find_element(CreatingOrderPageLocators.ORDER_CONFIRMATION_MODAL, 20)\n                           ^^^^^^^^^^^^^^^^^^^^^^^^^^^^^^^^^^^^^^^^^^^^^^^^^^^^^^^^^^^^^^^^^^^^^^^^^\n  File \"C:\\Users\\Linx\\PycharmProjects\\Diplom\\Diplom_3\\pages\\base_page.py\", line 13, in find_element\n    WebDriverWait(self.driver, timeout).until(EC.presence_of_element_located(locator))\n  File \"C:\\Users\\Linx\\PycharmProjects\\Diplom\\Diplom_3\\.venv\\Lib\\site-packages\\selenium\\webdriver\\support\\wait.py\", line 105, in until\n    raise TimeoutException(message, screen, stacktrace)\n"}, "start": 1730644411949, "stop": 1730644432165}], "parameters": [{"name": "browser", "value": "'firefox'"}], "start": 1730644410041, "stop": 1730644432169, "uuid": "150c43fb-24c2-4121-bd52-cf9412e5ab40", "historyId": "271e88a13475642208305460fbcff9e2", "testCaseId": "51225a8a95bd71da6a2c3054312d8b61", "fullName": "tests.test_order_feed_page.TestOrderFeedPage#test_order_appears_in_progress", "labels": [{"name": "suite", "value": "Order Feed Page Tests"}, {"name": "parentSuite", "value": "tests"}, {"name": "subSuite", "value": "TestOrderFeedPage"}, {"name": "host", "value": "DRAKOSH"}, {"name": "thread", "value": "68400-MainThread"}, {"name": "framework", "value": "pytest"}, {"name": "language", "value": "cpython3"}, {"name": "package", "value": "tests.test_order_feed_page"}]}