{"name": "Verify user can log out of their account", "status": "broken", "statusDetails": {"message": "selenium.common.exceptions.ElementClickInterceptedException: Message: Element <a class=\"AppHeader_header__link__3D_hX\" href=\"/account\"> is not clickable at point (1215,44) because another element <div class=\"Modal_modal_overlay__x2ZCr\"> obscures it\nStacktrace:\nRemoteError@chrome://remote/content/shared/RemoteError.sys.mjs:8:8\nWebDriverError@chrome://remote/content/shared/webdriver/Errors.sys.mjs:193:5\nElementClickInterceptedError@chrome://remote/content/shared/webdriver/Errors.sys.mjs:337:5\nwebdriverClickElement@chrome://remote/content/marionette/interaction.sys.mjs:177:11\ninteraction.clickElement@chrome://remote/content/marionette/interaction.sys.mjs:136:11\nclickElement@chrome://remote/content/marionette/actors/MarionetteCommandsChild.sys.mjs:205:29\nreceiveMessage@chrome://remote/content/marionette/actors/MarionetteCommandsChild.sys.mjs:85:31", "trace": "tests\\test_account_page.py:37: in test_exit_account\n    login_page.clicking_account_button()\n        account_page = <pages.account_page.AccountPage object at 0x000001474DB46FF0>\n        create_test_user = ('vggnfwtu@example.com', 'kYPB8HRANo', 'Bearer eyJhbGciOiJIUzI1NiIsInR5cCI6IkpXVCJ9.eyJpZCI6IjY3Mjc4ODYwOWVkMjgwMDAxYjUwNzI2NSIsImlhdCI6MTczMDY0NDA2NCwiZXhwIjoxNzMwNjQ1MjY0fQ.X6dWDCAZbMjKQYCT5biSW6Sk5d5Thn1Lk_k_PUprBVI')\n        email      = 'vggnfwtu@example.com'\n        login_page = <pages.login_page.LoginPage object at 0x000001474DB46C00>\n        password   = 'kYPB8HRANo'\n        self       = <tests.test_account_page.TestAccountPage object at 0x000001474DA57A40>\n        token      = 'Bearer eyJhbGciOiJIUzI1NiIsInR5cCI6IkpXVCJ9.eyJpZCI6IjY3Mjc4ODYwOWVkMjgwMDAxYjUwNzI2NSIsImlhdCI6MTczMDY0NDA2NCwiZXhwIjoxNzMwNjQ1MjY0fQ.X6dWDCAZbMjKQYCT5biSW6Sk5d5Thn1Lk_k_PUprBVI'\npages\\login_page.py:10: in clicking_account_button\n    self.click_element(LoginPageLocators.ACCOUNT_BUTTON, 15)\n        self       = <pages.login_page.LoginPage object at 0x000001474DB46C00>\npages\\base_page.py:28: in click_element\n    element.click()\n        element    = <selenium.webdriver.remote.webelement.WebElement (session=\"20c96b3d-1e0c-457c-80aa-04ce71360bd9\", element=\"d375b4a9-fc0c-4a0a-b775-599f35c65850\")>\n        locator    = ('xpath', \"//p[text()='Личный Кабинет']/parent::a\")\n        self       = <pages.login_page.LoginPage object at 0x000001474DB46C00>\n        timeout    = 15\n.venv\\Lib\\site-packages\\selenium\\webdriver\\remote\\webelement.py:94: in click\n    self._execute(Command.CLICK_ELEMENT)\n        self       = <selenium.webdriver.remote.webelement.WebElement (session=\"20c96b3d-1e0c-457c-80aa-04ce71360bd9\", element=\"d375b4a9-fc0c-4a0a-b775-599f35c65850\")>\n.venv\\Lib\\site-packages\\selenium\\webdriver\\remote\\webelement.py:395: in _execute\n    return self._parent.execute(command, params)\n        command    = 'clickElement'\n        params     = {'id': 'd375b4a9-fc0c-4a0a-b775-599f35c65850'}\n        self       = <selenium.webdriver.remote.webelement.WebElement (session=\"20c96b3d-1e0c-457c-80aa-04ce71360bd9\", element=\"d375b4a9-fc0c-4a0a-b775-599f35c65850\")>\n.venv\\Lib\\site-packages\\selenium\\webdriver\\remote\\webdriver.py:354: in execute\n    self.error_handler.check_response(response)\n        driver_command = 'clickElement'\n        params     = {}\n        response   = {'status': 400, 'value': '{\"value\":{\"error\":\"element click intercepted\",\"message\":\"Element <a class=\\\\\"AppHeader_heade...sys.mjs:205:29\\\\nreceiveMessage@chrome://remote/content/marionette/actors/MarionetteCommandsChild.sys.mjs:85:31\\\\n\"}}'}\n        self       = <selenium.webdriver.firefox.webdriver.WebDriver (session=\"20c96b3d-1e0c-457c-80aa-04ce71360bd9\")>\n.venv\\Lib\\site-packages\\selenium\\webdriver\\remote\\errorhandler.py:229: in check_response\n    raise exception_class(message, screen, stacktrace)\nE   selenium.common.exceptions.ElementClickInterceptedException: Message: Element <a class=\"AppHeader_header__link__3D_hX\" href=\"/account\"> is not clickable at point (1215,44) because another element <div class=\"Modal_modal_overlay__x2ZCr\"> obscures it\nE   Stacktrace:\nE   RemoteError@chrome://remote/content/shared/RemoteError.sys.mjs:8:8\nE   WebDriverError@chrome://remote/content/shared/webdriver/Errors.sys.mjs:193:5\nE   ElementClickInterceptedError@chrome://remote/content/shared/webdriver/Errors.sys.mjs:337:5\nE   webdriverClickElement@chrome://remote/content/marionette/interaction.sys.mjs:177:11\nE   interaction.clickElement@chrome://remote/content/marionette/interaction.sys.mjs:136:11\nE   clickElement@chrome://remote/content/marionette/actors/MarionetteCommandsChild.sys.mjs:205:29\nE   receiveMessage@chrome://remote/content/marionette/actors/MarionetteCommandsChild.sys.mjs:85:31\n        e          = <selenium.webdriver.remote.errorhandler.ErrorCode object at 0x000001474DB47E30>\n        error_code = 'ELEMENT_CLICK_INTERCEPTED'\n        error_codes = ['ELEMENT_CLICK_INTERCEPTED', 'ELEMENT_IS_NOT_SELECTABLE', 'ELEMENT_NOT_INTERACTABLE', 'ELEMENT_NOT_VISIBLE', 'IME_ENGINE_ACTIVATION_FAILED', 'IME_NOT_AVAILABLE', ...]\n        error_info = [64, 'element click intercepted']\n        exception_class = <class 'selenium.common.exceptions.ElementClickInterceptedException'>\n        json       = <module 'json' from 'C:\\\\Users\\\\Linx\\\\AppData\\\\Local\\\\Programs\\\\Python\\\\Python312\\\\Lib\\\\json\\\\__init__.py'>\n        message    = 'Element <a class=\"AppHeader_header__link__3D_hX\" href=\"/account\"> is not clickable at point (1215,44) because another element <div class=\"Modal_modal_overlay__x2ZCr\"> obscures it'\n        response   = {'status': 400, 'value': '{\"value\":{\"error\":\"element click intercepted\",\"message\":\"Element <a class=\\\\\"AppHeader_heade...sys.mjs:205:29\\\\nreceiveMessage@chrome://remote/content/marionette/actors/MarionetteCommandsChild.sys.mjs:85:31\\\\n\"}}'}\n        screen     = None\n        self       = <selenium.webdriver.remote.errorhandler.ErrorHandler object at 0x000001474DB47BC0>\n        st_value   = 'RemoteError@chrome://remote/content/shared/RemoteError.sys.mjs:8:8\\nWebDriverError@chrome://remote/content/shared/web...Child.sys.mjs:205:29\\nreceiveMessage@chrome://remote/content/marionette/actors/MarionetteCommandsChild.sys.mjs:85:31\\n'\n        stacktrace = ['RemoteError@chrome://remote/content/shared/RemoteError.sys.mjs:8:8', 'WebDriverError@chrome://remote/content/shared/....sys.mjs:136:11', 'clickElement@chrome://remote/content/marionette/actors/MarionetteCommandsChild.sys.mjs:205:29', ...]\n        status     = 'element click intercepted'\n        value      = {'error': 'element click intercepted', 'message': 'Element <a class=\"AppHeader_header__link__3D_hX\" href=\"/account\"> i...hild.sys.mjs:205:29\\nreceiveMessage@chrome://remote/content/marionette/actors/MarionetteCommandsChild.sys.mjs:85:31\\n'}\n        value_json = '{\"value\":{\"error\":\"element click intercepted\",\"message\":\"Element <a class=\\\\\"AppHeader_header__link__3D_hX\\\\\" href=\\\\....sys.mjs:205:29\\\\nreceiveMessage@chrome://remote/content/marionette/actors/MarionetteCommandsChild.sys.mjs:85:31\\\\n\"}}'"}, "description": "Testing that clicking the 'Выход' button logs the user out.", "steps": [{"name": "Logging in with email: 'vggnfwtu@example.com' and password", "status": "passed", "steps": [{"name": "Clicking on 'Account' button to navigate based on user state", "status": "passed", "start": 1730644062677, "stop": 1730644062983}], "parameters": [{"name": "email", "value": "'vggnfwtu@example.com'"}, {"name": "password", "value": "'kYPB8HRANo'"}], "start": 1730644062677, "stop": 1730644063308}, {"name": "Clicking on 'Account' button to navigate based on user state", "status": "broken", "statusDetails": {"message": "selenium.common.exceptions.ElementClickInterceptedException: Message: Element <a class=\"AppHeader_header__link__3D_hX\" href=\"/account\"> is not clickable at point (1215,44) because another element <div class=\"Modal_modal_overlay__x2ZCr\"> obscures it\nStacktrace:\nRemoteError@chrome://remote/content/shared/RemoteError.sys.mjs:8:8\nWebDriverError@chrome://remote/content/shared/webdriver/Errors.sys.mjs:193:5\nElementClickInterceptedError@chrome://remote/content/shared/webdriver/Errors.sys.mjs:337:5\nwebdriverClickElement@chrome://remote/content/marionette/interaction.sys.mjs:177:11\ninteraction.clickElement@chrome://remote/content/marionette/interaction.sys.mjs:136:11\nclickElement@chrome://remote/content/marionette/actors/MarionetteCommandsChild.sys.mjs:205:29\nreceiveMessage@chrome://remote/content/marionette/actors/MarionetteCommandsChild.sys.mjs:85:31\n\n", "trace": "  File \"C:\\Users\\Linx\\PycharmProjects\\Diplom\\Diplom_3\\.venv\\Lib\\site-packages\\allure_commons\\_allure.py\", line 192, in impl\n    return func(*a, **kw)\n           ^^^^^^^^^^^^^^\n  File \"C:\\Users\\Linx\\PycharmProjects\\Diplom\\Diplom_3\\pages\\login_page.py\", line 10, in clicking_account_button\n    self.click_element(LoginPageLocators.ACCOUNT_BUTTON, 15)\n  File \"C:\\Users\\Linx\\PycharmProjects\\Diplom\\Diplom_3\\pages\\base_page.py\", line 28, in click_element\n    element.click()\n  File \"C:\\Users\\Linx\\PycharmProjects\\Diplom\\Diplom_3\\.venv\\Lib\\site-packages\\selenium\\webdriver\\remote\\webelement.py\", line 94, in click\n    self._execute(Command.CLICK_ELEMENT)\n  File \"C:\\Users\\Linx\\PycharmProjects\\Diplom\\Diplom_3\\.venv\\Lib\\site-packages\\selenium\\webdriver\\remote\\webelement.py\", line 395, in _execute\n    return self._parent.execute(command, params)\n           ^^^^^^^^^^^^^^^^^^^^^^^^^^^^^^^^^^^^^\n  File \"C:\\Users\\Linx\\PycharmProjects\\Diplom\\Diplom_3\\.venv\\Lib\\site-packages\\selenium\\webdriver\\remote\\webdriver.py\", line 354, in execute\n    self.error_handler.check_response(response)\n  File \"C:\\Users\\Linx\\PycharmProjects\\Diplom\\Diplom_3\\.venv\\Lib\\site-packages\\selenium\\webdriver\\remote\\errorhandler.py\", line 229, in check_response\n    raise exception_class(message, screen, stacktrace)\n"}, "start": 1730644063309, "stop": 1730644063355}], "parameters": [{"name": "browser", "value": "'firefox'"}], "start": 1730644062676, "stop": 1730644063356, "uuid": "2679fefe-be90-485b-8808-ce4ab6280fc7", "historyId": "44095448e287f338a663067e25aa5071", "testCaseId": "79e88d6dc8f9386d62d211a2ccd69c53", "fullName": "tests.test_account_page.TestAccountPage#test_exit_account", "labels": [{"name": "suite", "value": "Account Page Tests"}, {"name": "parentSuite", "value": "tests"}, {"name": "subSuite", "value": "TestAccountPage"}, {"name": "host", "value": "DRAKOSH"}, {"name": "thread", "value": "68400-MainThread"}, {"name": "framework", "value": "pytest"}, {"name": "language", "value": "cpython3"}, {"name": "package", "value": "tests.test_account_page"}]}