{"name": "Increasing today's completed orders counter", "status": "broken", "statusDetails": {"message": "selenium.common.exceptions.ElementClickInterceptedException: Message: Element <a class=\"AppHeader_header__link__3D_hX\" href=\"/feed\"> is not clickable at point (323,44) because another element <div class=\"Modal_modal_overlay__x2ZCr\"> obscures it\nStacktrace:\nRemoteError@chrome://remote/content/shared/RemoteError.sys.mjs:8:8\nWebDriverError@chrome://remote/content/shared/webdriver/Errors.sys.mjs:193:5\nElementClickInterceptedError@chrome://remote/content/shared/webdriver/Errors.sys.mjs:337:5\nwebdriverClickElement@chrome://remote/content/marionette/interaction.sys.mjs:177:11\ninteraction.clickElement@chrome://remote/content/marionette/interaction.sys.mjs:136:11\nclickElement@chrome://remote/content/marionette/actors/MarionetteCommandsChild.sys.mjs:205:29\nreceiveMessage@chrome://remote/content/marionette/actors/MarionetteCommandsChild.sys.mjs:85:31", "trace": "tests\\test_order_feed_page.py:61: in test_today_completed_counter_increases\n    header_page.click_order_feed()\n        create_test_user = ('eehluzbj@example.com', 'JZgxOnu1hx', 'Bearer eyJhbGciOiJIUzI1NiIsInR5cCI6IkpXVCJ9.eyJpZCI6IjY3Mjc4OTk3OWVkMjgwMDAxYjUwNzI5MCIsImlhdCI6MTczMDY0NDM3NSwiZXhwIjoxNzMwNjQ1NTc1fQ.Sx7fe8xA_MDIpOsp2NBzzVCUr9QvcAZk8N7oDWXGjEc')\n        creating_order_page = <pages.creating_order_page.CreatingOrderPage object at 0x000001474DFEC320>\n        email      = 'eehluzbj@example.com'\n        header_page = <pages.header_page.HeaderPage object at 0x000001474DBEEED0>\n        login_page = <pages.login_page.LoginPage object at 0x000001474DFEC290>\n        order_feed_page = <pages.order_feed_page.OrderFeedPage object at 0x000001474DFEC710>\n        password   = 'JZgxOnu1hx'\n        self       = <tests.test_order_feed_page.TestOrderFeedPage object at 0x000001474DA9A5D0>\n        token      = 'Bearer eyJhbGciOiJIUzI1NiIsInR5cCI6IkpXVCJ9.eyJpZCI6IjY3Mjc4OTk3OWVkMjgwMDAxYjUwNzI5MCIsImlhdCI6MTczMDY0NDM3NSwiZXhwIjoxNzMwNjQ1NTc1fQ.Sx7fe8xA_MDIpOsp2NBzzVCUr9QvcAZk8N7oDWXGjEc'\npages\\header_page.py:11: in click_order_feed\n    self.click_element(HeaderPageLocators.ORDER_FEED_BUTTON, 10)\n        self       = <pages.header_page.HeaderPage object at 0x000001474DBEEED0>\npages\\base_page.py:28: in click_element\n    element.click()\n        element    = <selenium.webdriver.remote.webelement.WebElement (session=\"7517d49b-a53b-4e47-985e-f561d0417824\", element=\"ca114b7a-b6c4-406b-9068-5c7cdbaeb63a\")>\n        locator    = ('xpath', \"//p[text()='Лента Заказов']/parent::a\")\n        self       = <pages.header_page.HeaderPage object at 0x000001474DBEEED0>\n        timeout    = 10\n.venv\\Lib\\site-packages\\selenium\\webdriver\\remote\\webelement.py:94: in click\n    self._execute(Command.CLICK_ELEMENT)\n        self       = <selenium.webdriver.remote.webelement.WebElement (session=\"7517d49b-a53b-4e47-985e-f561d0417824\", element=\"ca114b7a-b6c4-406b-9068-5c7cdbaeb63a\")>\n.venv\\Lib\\site-packages\\selenium\\webdriver\\remote\\webelement.py:395: in _execute\n    return self._parent.execute(command, params)\n        command    = 'clickElement'\n        params     = {'id': 'ca114b7a-b6c4-406b-9068-5c7cdbaeb63a'}\n        self       = <selenium.webdriver.remote.webelement.WebElement (session=\"7517d49b-a53b-4e47-985e-f561d0417824\", element=\"ca114b7a-b6c4-406b-9068-5c7cdbaeb63a\")>\n.venv\\Lib\\site-packages\\selenium\\webdriver\\remote\\webdriver.py:354: in execute\n    self.error_handler.check_response(response)\n        driver_command = 'clickElement'\n        params     = {}\n        response   = {'status': 400, 'value': '{\"value\":{\"error\":\"element click intercepted\",\"message\":\"Element <a class=\\\\\"AppHeader_heade...sys.mjs:205:29\\\\nreceiveMessage@chrome://remote/content/marionette/actors/MarionetteCommandsChild.sys.mjs:85:31\\\\n\"}}'}\n        self       = <selenium.webdriver.firefox.webdriver.WebDriver (session=\"7517d49b-a53b-4e47-985e-f561d0417824\")>\n.venv\\Lib\\site-packages\\selenium\\webdriver\\remote\\errorhandler.py:229: in check_response\n    raise exception_class(message, screen, stacktrace)\nE   selenium.common.exceptions.ElementClickInterceptedException: Message: Element <a class=\"AppHeader_header__link__3D_hX\" href=\"/feed\"> is not clickable at point (323,44) because another element <div class=\"Modal_modal_overlay__x2ZCr\"> obscures it\nE   Stacktrace:\nE   RemoteError@chrome://remote/content/shared/RemoteError.sys.mjs:8:8\nE   WebDriverError@chrome://remote/content/shared/webdriver/Errors.sys.mjs:193:5\nE   ElementClickInterceptedError@chrome://remote/content/shared/webdriver/Errors.sys.mjs:337:5\nE   webdriverClickElement@chrome://remote/content/marionette/interaction.sys.mjs:177:11\nE   interaction.clickElement@chrome://remote/content/marionette/interaction.sys.mjs:136:11\nE   clickElement@chrome://remote/content/marionette/actors/MarionetteCommandsChild.sys.mjs:205:29\nE   receiveMessage@chrome://remote/content/marionette/actors/MarionetteCommandsChild.sys.mjs:85:31\n        e          = <selenium.webdriver.remote.errorhandler.ErrorCode object at 0x000001474DBEC6E0>\n        error_code = 'ELEMENT_CLICK_INTERCEPTED'\n        error_codes = ['ELEMENT_CLICK_INTERCEPTED', 'ELEMENT_IS_NOT_SELECTABLE', 'ELEMENT_NOT_INTERACTABLE', 'ELEMENT_NOT_VISIBLE', 'IME_ENGINE_ACTIVATION_FAILED', 'IME_NOT_AVAILABLE', ...]\n        error_info = [64, 'element click intercepted']\n        exception_class = <class 'selenium.common.exceptions.ElementClickInterceptedException'>\n        json       = <module 'json' from 'C:\\\\Users\\\\Linx\\\\AppData\\\\Local\\\\Programs\\\\Python\\\\Python312\\\\Lib\\\\json\\\\__init__.py'>\n        message    = 'Element <a class=\"AppHeader_header__link__3D_hX\" href=\"/feed\"> is not clickable at point (323,44) because another element <div class=\"Modal_modal_overlay__x2ZCr\"> obscures it'\n        response   = {'status': 400, 'value': '{\"value\":{\"error\":\"element click intercepted\",\"message\":\"Element <a class=\\\\\"AppHeader_heade...sys.mjs:205:29\\\\nreceiveMessage@chrome://remote/content/marionette/actors/MarionetteCommandsChild.sys.mjs:85:31\\\\n\"}}'}\n        screen     = None\n        self       = <selenium.webdriver.remote.errorhandler.ErrorHandler object at 0x000001474DFEDAC0>\n        st_value   = 'RemoteError@chrome://remote/content/shared/RemoteError.sys.mjs:8:8\\nWebDriverError@chrome://remote/content/shared/web...Child.sys.mjs:205:29\\nreceiveMessage@chrome://remote/content/marionette/actors/MarionetteCommandsChild.sys.mjs:85:31\\n'\n        stacktrace = ['RemoteError@chrome://remote/content/shared/RemoteError.sys.mjs:8:8', 'WebDriverError@chrome://remote/content/shared/....sys.mjs:136:11', 'clickElement@chrome://remote/content/marionette/actors/MarionetteCommandsChild.sys.mjs:205:29', ...]\n        status     = 'element click intercepted'\n        value      = {'error': 'element click intercepted', 'message': 'Element <a class=\"AppHeader_header__link__3D_hX\" href=\"/feed\"> is n...hild.sys.mjs:205:29\\nreceiveMessage@chrome://remote/content/marionette/actors/MarionetteCommandsChild.sys.mjs:85:31\\n'}\n        value_json = '{\"value\":{\"error\":\"element click intercepted\",\"message\":\"Element <a class=\\\\\"AppHeader_header__link__3D_hX\\\\\" href=\\\\....sys.mjs:205:29\\\\nreceiveMessage@chrome://remote/content/marionette/actors/MarionetteCommandsChild.sys.mjs:85:31\\\\n\"}}'"}, "description": "Verifying the counter for today's completed orders increments after placing an order.", "steps": [{"name": "Logging in with email: 'eehluzbj@example.com' and password", "status": "passed", "steps": [{"name": "Clicking on 'Account' button to navigate based on user state", "status": "passed", "start": 1730644373970, "stop": 1730644374249}], "parameters": [{"name": "email", "value": "'eehluzbj@example.com'"}, {"name": "password", "value": "'JZgxOnu1hx'"}], "start": 1730644373970, "stop": 1730644374551}, {"name": "Clicking on 'Order Feed' button", "status": "broken", "statusDetails": {"message": "selenium.common.exceptions.ElementClickInterceptedException: Message: Element <a class=\"AppHeader_header__link__3D_hX\" href=\"/feed\"> is not clickable at point (323,44) because another element <div class=\"Modal_modal_overlay__x2ZCr\"> obscures it\nStacktrace:\nRemoteError@chrome://remote/content/shared/RemoteError.sys.mjs:8:8\nWebDriverError@chrome://remote/content/shared/webdriver/Errors.sys.mjs:193:5\nElementClickInterceptedError@chrome://remote/content/shared/webdriver/Errors.sys.mjs:337:5\nwebdriverClickElement@chrome://remote/content/marionette/interaction.sys.mjs:177:11\ninteraction.clickElement@chrome://remote/content/marionette/interaction.sys.mjs:136:11\nclickElement@chrome://remote/content/marionette/actors/MarionetteCommandsChild.sys.mjs:205:29\nreceiveMessage@chrome://remote/content/marionette/actors/MarionetteCommandsChild.sys.mjs:85:31\n\n", "trace": "  File \"C:\\Users\\Linx\\PycharmProjects\\Diplom\\Diplom_3\\.venv\\Lib\\site-packages\\allure_commons\\_allure.py\", line 192, in impl\n    return func(*a, **kw)\n           ^^^^^^^^^^^^^^\n  File \"C:\\Users\\Linx\\PycharmProjects\\Diplom\\Diplom_3\\pages\\header_page.py\", line 11, in click_order_feed\n    self.click_element(HeaderPageLocators.ORDER_FEED_BUTTON, 10)\n  File \"C:\\Users\\Linx\\PycharmProjects\\Diplom\\Diplom_3\\pages\\base_page.py\", line 28, in click_element\n    element.click()\n  File \"C:\\Users\\Linx\\PycharmProjects\\Diplom\\Diplom_3\\.venv\\Lib\\site-packages\\selenium\\webdriver\\remote\\webelement.py\", line 94, in click\n    self._execute(Command.CLICK_ELEMENT)\n  File \"C:\\Users\\Linx\\PycharmProjects\\Diplom\\Diplom_3\\.venv\\Lib\\site-packages\\selenium\\webdriver\\remote\\webelement.py\", line 395, in _execute\n    return self._parent.execute(command, params)\n           ^^^^^^^^^^^^^^^^^^^^^^^^^^^^^^^^^^^^^\n  File \"C:\\Users\\Linx\\PycharmProjects\\Diplom\\Diplom_3\\.venv\\Lib\\site-packages\\selenium\\webdriver\\remote\\webdriver.py\", line 354, in execute\n    self.error_handler.check_response(response)\n  File \"C:\\Users\\Linx\\PycharmProjects\\Diplom\\Diplom_3\\.venv\\Lib\\site-packages\\selenium\\webdriver\\remote\\errorhandler.py\", line 229, in check_response\n    raise exception_class(message, screen, stacktrace)\n"}, "start": 1730644374552, "stop": 1730644374598}], "parameters": [{"name": "browser", "value": "'firefox'"}], "start": 1730644373970, "stop": 1730644374600, "uuid": "f3dd6248-18a1-496e-84a1-1d76bb935718", "historyId": "4ca134a830f3c855e9927c4ad1efeb4a", "testCaseId": "37242d9ddffe9695c10db1b5243ee92a", "fullName": "tests.test_order_feed_page.TestOrderFeedPage#test_today_completed_counter_increases", "labels": [{"name": "suite", "value": "Order Feed Page Tests"}, {"name": "parentSuite", "value": "tests"}, {"name": "subSuite", "value": "TestOrderFeedPage"}, {"name": "host", "value": "DRAKOSH"}, {"name": "thread", "value": "68400-MainThread"}, {"name": "framework", "value": "pytest"}, {"name": "language", "value": "cpython3"}, {"name": "package", "value": "tests.test_order_feed_page"}]}